<?xml version="1.0" encoding="UTF-8"?>
<testsuite xmlns:xsi="http://www.w3.org/2001/XMLSchema-instance" xsi:noNamespaceSchemaLocation="https://maven.apache.org/surefire/maven-surefire-plugin/xsd/surefire-test-report-3.0.xsd" version="3.0" name="com.epf.Testcontroller.ZombieControllerTest" time="1.299" tests="6" errors="0" skipped="0" failures="0">
  <properties>
[...]
</properties>
  <testcase name="testGetZombiesByMapId" classname="com.epf.Testcontroller.ZombieControllerTest" time="1.127">
    <system-out><![CDATA[10:21:49.570 [main] DEBUG _org.springframework.web.servlet.HandlerMapping.Mappings - 
	c.e.c.ZombieController:
	{GET [/zombies]}: getAllZombies()
	{POST [/zombies]}: createZombie(ZombieDTO)
	{PUT [/zombies/{id}]}: updateZombie(int,ZombieDTO)
	{GET [/zombies/map/{mapId}]}: getZombiesByMap(int)
	{GET [/zombies/{id}]}: getZombieById(int)
	{DELETE [/zombies/{id}]}: deleteZombie(int)
10:21:49.578 [main] DEBUG org.springframework.web.servlet.mvc.method.annotation.RequestMappingHandlerMapping - 6 mappings in org.springframework.web.servlet.mvc.method.annotation.RequestMappingHandlerMapping
10:21:49.753 [main] DEBUG org.springframework.web.servlet.mvc.method.annotation.RequestMappingHandlerAdapter - ControllerAdvice beans: 0 @ModelAttribute, 0 @InitBinder, 1 RequestBodyAdvice, 1 ResponseBodyAdvice
10:21:49.773 [main] DEBUG org.springframework.web.servlet.mvc.method.annotation.ExceptionHandlerExceptionResolver - ControllerAdvice beans: 0 @ExceptionHandler, 1 ResponseBodyAdvice
10:21:49.793 [main] INFO org.springframework.mock.web.MockServletContext - Initializing Spring TestDispatcherServlet ''
10:21:49.794 [main] INFO org.springframework.test.web.servlet.TestDispatcherServlet - Initializing Servlet ''
10:21:49.796 [main] DEBUG org.springframework.test.web.servlet.TestDispatcherServlet - Detected AcceptHeaderLocaleResolver
10:21:49.796 [main] DEBUG org.springframework.test.web.servlet.TestDispatcherServlet - Detected FixedThemeResolver
10:21:49.797 [main] DEBUG org.springframework.test.web.servlet.TestDispatcherServlet - Detected org.springframework.web.servlet.view.DefaultRequestToViewNameTranslator@4d6ee47
10:21:49.797 [main] DEBUG org.springframework.test.web.servlet.TestDispatcherServlet - Detected org.springframework.web.servlet.support.SessionFlashMapManager@a33b4e3
10:21:49.797 [main] DEBUG org.springframework.test.web.servlet.TestDispatcherServlet - enableLoggingRequestDetails='false': request parameters and headers will be masked to prevent unsafe logging of potentially sensitive data
10:21:49.797 [main] INFO org.springframework.test.web.servlet.TestDispatcherServlet - Completed initialization in 3 ms
10:21:49.864 [main] DEBUG org.springframework.test.web.servlet.TestDispatcherServlet - GET "/zombies/map/1", parameters={}
10:21:49.869 [main] DEBUG org.springframework.web.servlet.mvc.method.annotation.RequestMappingHandlerMapping - Mapped to com.epf.controller.ZombieController#getZombiesByMap(int)
10:21:49.901 [main] DEBUG org.springframework.web.servlet.mvc.method.annotation.RequestResponseBodyMethodProcessor - Using 'application/json', given [*/*] and supported [application/json, application/*+json]
10:21:49.902 [main] DEBUG org.springframework.web.servlet.mvc.method.annotation.RequestResponseBodyMethodProcessor - Writing [[com.epf.dto.ZombieDTO@41b1f51e]]
10:21:49.919 [main] DEBUG org.springframework.test.web.servlet.TestDispatcherServlet - Completed 200 OK
10:21:49.950 [main] DEBUG com.jayway.jsonpath.internal.path.CompiledPath - Evaluating path: $[0]['id_zombie']
]]></system-out>
  </testcase>
  <testcase name="testCreateZombie" classname="com.epf.Testcontroller.ZombieControllerTest" time="0.056">
    <system-out><![CDATA[10:21:49.971 [main] DEBUG _org.springframework.web.servlet.HandlerMapping.Mappings - 
	c.e.c.ZombieController:
	{GET [/zombies]}: getAllZombies()
	{POST [/zombies]}: createZombie(ZombieDTO)
	{PUT [/zombies/{id}]}: updateZombie(int,ZombieDTO)
	{GET [/zombies/map/{mapId}]}: getZombiesByMap(int)
	{GET [/zombies/{id}]}: getZombieById(int)
	{DELETE [/zombies/{id}]}: deleteZombie(int)
10:21:49.971 [main] DEBUG org.springframework.web.servlet.mvc.method.annotation.RequestMappingHandlerMapping - 6 mappings in org.springframework.web.servlet.mvc.method.annotation.RequestMappingHandlerMapping
10:21:49.975 [main] DEBUG org.springframework.web.servlet.mvc.method.annotation.RequestMappingHandlerAdapter - ControllerAdvice beans: 0 @ModelAttribute, 0 @InitBinder, 1 RequestBodyAdvice, 1 ResponseBodyAdvice
10:21:49.976 [main] DEBUG org.springframework.web.servlet.mvc.method.annotation.ExceptionHandlerExceptionResolver - ControllerAdvice beans: 0 @ExceptionHandler, 1 ResponseBodyAdvice
10:21:49.977 [main] INFO org.springframework.mock.web.MockServletContext - Initializing Spring TestDispatcherServlet ''
10:21:49.977 [main] INFO org.springframework.test.web.servlet.TestDispatcherServlet - Initializing Servlet ''
10:21:49.977 [main] DEBUG org.springframework.test.web.servlet.TestDispatcherServlet - Detected AcceptHeaderLocaleResolver
10:21:49.977 [main] DEBUG org.springframework.test.web.servlet.TestDispatcherServlet - Detected FixedThemeResolver
10:21:49.977 [main] DEBUG org.springframework.test.web.servlet.TestDispatcherServlet - Detected org.springframework.web.servlet.view.DefaultRequestToViewNameTranslator@3dfa819
10:21:49.977 [main] DEBUG org.springframework.test.web.servlet.TestDispatcherServlet - Detected org.springframework.web.servlet.support.SessionFlashMapManager@4ce94d2f
10:21:49.977 [main] DEBUG org.springframework.test.web.servlet.TestDispatcherServlet - enableLoggingRequestDetails='false': request parameters and headers will be masked to prevent unsafe logging of potentially sensitive data
10:21:49.977 [main] INFO org.springframework.test.web.servlet.TestDispatcherServlet - Completed initialization in 0 ms
10:21:49.980 [main] DEBUG org.springframework.test.web.servlet.TestDispatcherServlet - POST "/zombies", parameters={}
10:21:49.980 [main] DEBUG org.springframework.web.servlet.mvc.method.annotation.RequestMappingHandlerMapping - Mapped to com.epf.controller.ZombieController#createZombie(ZombieDTO)
10:21:50.009 [main] DEBUG org.springframework.web.servlet.mvc.method.annotation.RequestResponseBodyMethodProcessor - Read "application/json" to [com.epf.dto.ZombieDTO@625dfff3]
10:21:50.016 [main] DEBUG org.springframework.web.servlet.mvc.method.annotation.RequestResponseBodyMethodProcessor - Using 'application/json', given [*/*] and supported [application/json, application/*+json]
10:21:50.017 [main] DEBUG org.springframework.web.servlet.mvc.method.annotation.RequestResponseBodyMethodProcessor - Nothing to write: null body
10:21:50.017 [main] DEBUG org.springframework.test.web.servlet.TestDispatcherServlet - Completed 200 OK
]]></system-out>
  </testcase>
  <testcase name="testGetAllZombies" classname="com.epf.Testcontroller.ZombieControllerTest" time="0.016">
    <system-out><![CDATA[10:21:50.029 [main] DEBUG _org.springframework.web.servlet.HandlerMapping.Mappings - 
	c.e.c.ZombieController:
	{GET [/zombies]}: getAllZombies()
	{POST [/zombies]}: createZombie(ZombieDTO)
	{PUT [/zombies/{id}]}: updateZombie(int,ZombieDTO)
	{GET [/zombies/map/{mapId}]}: getZombiesByMap(int)
	{GET [/zombies/{id}]}: getZombieById(int)
	{DELETE [/zombies/{id}]}: deleteZombie(int)
10:21:50.030 [main] DEBUG org.springframework.web.servlet.mvc.method.annotation.RequestMappingHandlerMapping - 6 mappings in org.springframework.web.servlet.mvc.method.annotation.RequestMappingHandlerMapping
10:21:50.032 [main] DEBUG org.springframework.web.servlet.mvc.method.annotation.RequestMappingHandlerAdapter - ControllerAdvice beans: 0 @ModelAttribute, 0 @InitBinder, 1 RequestBodyAdvice, 1 ResponseBodyAdvice
10:21:50.033 [main] DEBUG org.springframework.web.servlet.mvc.method.annotation.ExceptionHandlerExceptionResolver - ControllerAdvice beans: 0 @ExceptionHandler, 1 ResponseBodyAdvice
10:21:50.033 [main] INFO org.springframework.mock.web.MockServletContext - Initializing Spring TestDispatcherServlet ''
10:21:50.033 [main] INFO org.springframework.test.web.servlet.TestDispatcherServlet - Initializing Servlet ''
10:21:50.033 [main] DEBUG org.springframework.test.web.servlet.TestDispatcherServlet - Detected AcceptHeaderLocaleResolver
10:21:50.033 [main] DEBUG org.springframework.test.web.servlet.TestDispatcherServlet - Detected FixedThemeResolver
10:21:50.033 [main] DEBUG org.springframework.test.web.servlet.TestDispatcherServlet - Detected org.springframework.web.servlet.view.DefaultRequestToViewNameTranslator@512575e9
10:21:50.033 [main] DEBUG org.springframework.test.web.servlet.TestDispatcherServlet - Detected org.springframework.web.servlet.support.SessionFlashMapManager@6f1a16fe
10:21:50.034 [main] DEBUG org.springframework.test.web.servlet.TestDispatcherServlet - enableLoggingRequestDetails='false': request parameters and headers will be masked to prevent unsafe logging of potentially sensitive data
10:21:50.034 [main] INFO org.springframework.test.web.servlet.TestDispatcherServlet - Completed initialization in 1 ms
10:21:50.034 [main] DEBUG org.springframework.test.web.servlet.TestDispatcherServlet - GET "/zombies", parameters={}
10:21:50.036 [main] DEBUG org.springframework.web.servlet.mvc.method.annotation.RequestMappingHandlerMapping - Mapped to com.epf.controller.ZombieController#getAllZombies()
10:21:50.037 [main] DEBUG org.springframework.web.servlet.mvc.method.annotation.RequestResponseBodyMethodProcessor - Using 'application/json', given [*/*] and supported [application/json, application/*+json]
10:21:50.037 [main] DEBUG org.springframework.web.servlet.mvc.method.annotation.RequestResponseBodyMethodProcessor - Writing [[com.epf.dto.ZombieDTO@33634f04]]
10:21:50.039 [main] DEBUG org.springframework.test.web.servlet.TestDispatcherServlet - Completed 200 OK
10:21:50.039 [main] DEBUG com.jayway.jsonpath.internal.path.CompiledPath - Evaluating path: $[0]['id_zombie']
10:21:50.039 [main] DEBUG com.jayway.jsonpath.internal.path.CompiledPath - Evaluating path: $[0]['nom']
]]></system-out>
  </testcase>
  <testcase name="testUpdateZombie" classname="com.epf.Testcontroller.ZombieControllerTest" time="0.015">
    <system-out><![CDATA[10:21:50.046 [main] DEBUG _org.springframework.web.servlet.HandlerMapping.Mappings - 
	c.e.c.ZombieController:
	{GET [/zombies]}: getAllZombies()
	{POST [/zombies]}: createZombie(ZombieDTO)
	{PUT [/zombies/{id}]}: updateZombie(int,ZombieDTO)
	{GET [/zombies/map/{mapId}]}: getZombiesByMap(int)
	{GET [/zombies/{id}]}: getZombieById(int)
	{DELETE [/zombies/{id}]}: deleteZombie(int)
10:21:50.047 [main] DEBUG org.springframework.web.servlet.mvc.method.annotation.RequestMappingHandlerMapping - 6 mappings in org.springframework.web.servlet.mvc.method.annotation.RequestMappingHandlerMapping
10:21:50.049 [main] DEBUG org.springframework.web.servlet.mvc.method.annotation.RequestMappingHandlerAdapter - ControllerAdvice beans: 0 @ModelAttribute, 0 @InitBinder, 1 RequestBodyAdvice, 1 ResponseBodyAdvice
10:21:50.050 [main] DEBUG org.springframework.web.servlet.mvc.method.annotation.ExceptionHandlerExceptionResolver - ControllerAdvice beans: 0 @ExceptionHandler, 1 ResponseBodyAdvice
10:21:50.050 [main] INFO org.springframework.mock.web.MockServletContext - Initializing Spring TestDispatcherServlet ''
10:21:50.050 [main] INFO org.springframework.test.web.servlet.TestDispatcherServlet - Initializing Servlet ''
10:21:50.050 [main] DEBUG org.springframework.test.web.servlet.TestDispatcherServlet - Detected AcceptHeaderLocaleResolver
10:21:50.050 [main] DEBUG org.springframework.test.web.servlet.TestDispatcherServlet - Detected FixedThemeResolver
10:21:50.050 [main] DEBUG org.springframework.test.web.servlet.TestDispatcherServlet - Detected org.springframework.web.servlet.view.DefaultRequestToViewNameTranslator@2975a9e
10:21:50.051 [main] DEBUG org.springframework.test.web.servlet.TestDispatcherServlet - Detected org.springframework.web.servlet.support.SessionFlashMapManager@765ffb14
10:21:50.051 [main] DEBUG org.springframework.test.web.servlet.TestDispatcherServlet - enableLoggingRequestDetails='false': request parameters and headers will be masked to prevent unsafe logging of potentially sensitive data
10:21:50.051 [main] INFO org.springframework.test.web.servlet.TestDispatcherServlet - Completed initialization in 1 ms
10:21:50.052 [main] DEBUG org.springframework.test.web.servlet.TestDispatcherServlet - PUT "/zombies/1", parameters={}
10:21:50.052 [main] DEBUG org.springframework.web.servlet.mvc.method.annotation.RequestMappingHandlerMapping - Mapped to com.epf.controller.ZombieController#updateZombie(int, ZombieDTO)
10:21:50.054 [main] DEBUG org.springframework.web.servlet.mvc.method.annotation.RequestResponseBodyMethodProcessor - Read "application/json" to [com.epf.dto.ZombieDTO@57562473]
10:21:50.055 [main] DEBUG org.springframework.web.servlet.mvc.method.annotation.RequestResponseBodyMethodProcessor - Using 'application/json', given [*/*] and supported [application/json, application/*+json]
10:21:50.056 [main] DEBUG org.springframework.web.servlet.mvc.method.annotation.RequestResponseBodyMethodProcessor - Nothing to write: null body
10:21:50.056 [main] DEBUG org.springframework.test.web.servlet.TestDispatcherServlet - Completed 200 OK
]]></system-out>
  </testcase>
  <testcase name="testDeleteZombie" classname="com.epf.Testcontroller.ZombieControllerTest" time="0.012">
    <system-out><![CDATA[10:21:50.061 [main] DEBUG _org.springframework.web.servlet.HandlerMapping.Mappings - 
	c.e.c.ZombieController:
	{GET [/zombies]}: getAllZombies()
	{POST [/zombies]}: createZombie(ZombieDTO)
	{PUT [/zombies/{id}]}: updateZombie(int,ZombieDTO)
	{GET [/zombies/map/{mapId}]}: getZombiesByMap(int)
	{GET [/zombies/{id}]}: getZombieById(int)
	{DELETE [/zombies/{id}]}: deleteZombie(int)
10:21:50.061 [main] DEBUG org.springframework.web.servlet.mvc.method.annotation.RequestMappingHandlerMapping - 6 mappings in org.springframework.web.servlet.mvc.method.annotation.RequestMappingHandlerMapping
10:21:50.064 [main] DEBUG org.springframework.web.servlet.mvc.method.annotation.RequestMappingHandlerAdapter - ControllerAdvice beans: 0 @ModelAttribute, 0 @InitBinder, 1 RequestBodyAdvice, 1 ResponseBodyAdvice
10:21:50.065 [main] DEBUG org.springframework.web.servlet.mvc.method.annotation.ExceptionHandlerExceptionResolver - ControllerAdvice beans: 0 @ExceptionHandler, 1 ResponseBodyAdvice
10:21:50.065 [main] INFO org.springframework.mock.web.MockServletContext - Initializing Spring TestDispatcherServlet ''
10:21:50.065 [main] INFO org.springframework.test.web.servlet.TestDispatcherServlet - Initializing Servlet ''
10:21:50.065 [main] DEBUG org.springframework.test.web.servlet.TestDispatcherServlet - Detected AcceptHeaderLocaleResolver
10:21:50.065 [main] DEBUG org.springframework.test.web.servlet.TestDispatcherServlet - Detected FixedThemeResolver
10:21:50.065 [main] DEBUG org.springframework.test.web.servlet.TestDispatcherServlet - Detected org.springframework.web.servlet.view.DefaultRequestToViewNameTranslator@4d18b73a
10:21:50.065 [main] DEBUG org.springframework.test.web.servlet.TestDispatcherServlet - Detected org.springframework.web.servlet.support.SessionFlashMapManager@177515d1
10:21:50.065 [main] DEBUG org.springframework.test.web.servlet.TestDispatcherServlet - enableLoggingRequestDetails='false': request parameters and headers will be masked to prevent unsafe logging of potentially sensitive data
10:21:50.066 [main] INFO org.springframework.test.web.servlet.TestDispatcherServlet - Completed initialization in 1 ms
10:21:50.066 [main] DEBUG org.springframework.test.web.servlet.TestDispatcherServlet - DELETE "/zombies/1", parameters={}
10:21:50.066 [main] DEBUG org.springframework.web.servlet.mvc.method.annotation.RequestMappingHandlerMapping - Mapped to com.epf.controller.ZombieController#deleteZombie(int)
10:21:50.068 [main] DEBUG org.springframework.web.servlet.mvc.method.annotation.RequestResponseBodyMethodProcessor - Using 'application/json', given [*/*] and supported [application/json, application/*+json]
10:21:50.068 [main] DEBUG org.springframework.web.servlet.mvc.method.annotation.RequestResponseBodyMethodProcessor - Nothing to write: null body
10:21:50.068 [main] DEBUG org.springframework.test.web.servlet.TestDispatcherServlet - Completed 200 OK
]]></system-out>
  </testcase>
  <testcase name="testGetZombieById" classname="com.epf.Testcontroller.ZombieControllerTest" time="0.017">
    <system-out><![CDATA[10:21:50.073 [main] DEBUG _org.springframework.web.servlet.HandlerMapping.Mappings - 
	c.e.c.ZombieController:
	{GET [/zombies]}: getAllZombies()
	{POST [/zombies]}: createZombie(ZombieDTO)
	{PUT [/zombies/{id}]}: updateZombie(int,ZombieDTO)
	{GET [/zombies/map/{mapId}]}: getZombiesByMap(int)
	{GET [/zombies/{id}]}: getZombieById(int)
	{DELETE [/zombies/{id}]}: deleteZombie(int)
10:21:50.073 [main] DEBUG org.springframework.web.servlet.mvc.method.annotation.RequestMappingHandlerMapping - 6 mappings in org.springframework.web.servlet.mvc.method.annotation.RequestMappingHandlerMapping
10:21:50.076 [main] DEBUG org.springframework.web.servlet.mvc.method.annotation.RequestMappingHandlerAdapter - ControllerAdvice beans: 0 @ModelAttribute, 0 @InitBinder, 1 RequestBodyAdvice, 1 ResponseBodyAdvice
10:21:50.077 [main] DEBUG org.springframework.web.servlet.mvc.method.annotation.ExceptionHandlerExceptionResolver - ControllerAdvice beans: 0 @ExceptionHandler, 1 ResponseBodyAdvice
10:21:50.078 [main] INFO org.springframework.mock.web.MockServletContext - Initializing Spring TestDispatcherServlet ''
10:21:50.078 [main] INFO org.springframework.test.web.servlet.TestDispatcherServlet - Initializing Servlet ''
10:21:50.078 [main] DEBUG org.springframework.test.web.servlet.TestDispatcherServlet - Detected AcceptHeaderLocaleResolver
10:21:50.078 [main] DEBUG org.springframework.test.web.servlet.TestDispatcherServlet - Detected FixedThemeResolver
10:21:50.078 [main] DEBUG org.springframework.test.web.servlet.TestDispatcherServlet - Detected org.springframework.web.servlet.view.DefaultRequestToViewNameTranslator@4364712f
10:21:50.078 [main] DEBUG org.springframework.test.web.servlet.TestDispatcherServlet - Detected org.springframework.web.servlet.support.SessionFlashMapManager@1b7a52dd
10:21:50.078 [main] DEBUG org.springframework.test.web.servlet.TestDispatcherServlet - enableLoggingRequestDetails='false': request parameters and headers will be masked to prevent unsafe logging of potentially sensitive data
10:21:50.078 [main] INFO org.springframework.test.web.servlet.TestDispatcherServlet - Completed initialization in 0 ms
10:21:50.079 [main] DEBUG org.springframework.test.web.servlet.TestDispatcherServlet - GET "/zombies/1", parameters={}
10:21:50.080 [main] DEBUG org.springframework.web.servlet.mvc.method.annotation.RequestMappingHandlerMapping - Mapped to com.epf.controller.ZombieController#getZombieById(int)
10:21:50.085 [main] DEBUG org.springframework.web.servlet.mvc.method.annotation.HttpEntityMethodProcessor - Using 'application/json', given [*/*] and supported [application/json, application/*+json]
10:21:50.086 [main] DEBUG org.springframework.web.servlet.mvc.method.annotation.HttpEntityMethodProcessor - Writing [com.epf.dto.ZombieDTO@4601203a]
10:21:50.086 [main] DEBUG org.springframework.test.web.servlet.TestDispatcherServlet - Completed 200 OK
10:21:50.086 [main] DEBUG com.jayway.jsonpath.internal.path.CompiledPath - Evaluating path: $['id_zombie']
]]></system-out>
  </testcase>
</testsuite>