<?xml version="1.0" encoding="UTF-8"?>
<testsuite xmlns:xsi="http://www.w3.org/2001/XMLSchema-instance" xsi:noNamespaceSchemaLocation="https://maven.apache.org/surefire/maven-surefire-plugin/xsd/surefire-test-report-3.0.xsd" version="3.0" name="com.epf.Testcontroller.PlanteControllerTest" time="0.101" tests="5" errors="0" skipped="0" failures="0">
  <properties>
[...]
</properties>
  <testcase name="testCreatePlante" classname="com.epf.Testcontroller.PlanteControllerTest" time="0.041">
    <system-out><![CDATA[12:28:17.055 [main] DEBUG _org.springframework.web.servlet.HandlerMapping.Mappings - 
	c.e.c.PlanteController:
	{GET [/plantes/{id}]}: getPlanteById(int)
	{GET [/plantes]}: getAllPlantes()
	{POST [/plantes]}: createPlante(PlanteDTO)
	{PUT [/plantes/{id}]}: updatePlante(int,PlanteDTO)
	{DELETE [/plantes/{id}]}: deletePlante(int)
12:28:17.056 [main] DEBUG org.springframework.web.servlet.mvc.method.annotation.RequestMappingHandlerMapping - 5 mappings in org.springframework.web.servlet.mvc.method.annotation.RequestMappingHandlerMapping
12:28:17.057 [main] DEBUG org.springframework.web.servlet.mvc.method.annotation.RequestMappingHandlerAdapter - ControllerAdvice beans: 0 @ModelAttribute, 0 @InitBinder, 1 RequestBodyAdvice, 1 ResponseBodyAdvice
12:28:17.058 [main] DEBUG org.springframework.web.servlet.mvc.method.annotation.ExceptionHandlerExceptionResolver - ControllerAdvice beans: 0 @ExceptionHandler, 1 ResponseBodyAdvice
12:28:17.058 [main] INFO org.springframework.mock.web.MockServletContext - Initializing Spring TestDispatcherServlet ''
12:28:17.058 [main] INFO org.springframework.test.web.servlet.TestDispatcherServlet - Initializing Servlet ''
12:28:17.058 [main] DEBUG org.springframework.test.web.servlet.TestDispatcherServlet - Detected AcceptHeaderLocaleResolver
12:28:17.058 [main] DEBUG org.springframework.test.web.servlet.TestDispatcherServlet - Detected FixedThemeResolver
12:28:17.058 [main] DEBUG org.springframework.test.web.servlet.TestDispatcherServlet - Detected org.springframework.web.servlet.view.DefaultRequestToViewNameTranslator@597d48ca
12:28:17.058 [main] DEBUG org.springframework.test.web.servlet.TestDispatcherServlet - Detected org.springframework.web.servlet.support.SessionFlashMapManager@77324a58
12:28:17.058 [main] DEBUG org.springframework.test.web.servlet.TestDispatcherServlet - enableLoggingRequestDetails='false': request parameters and headers will be masked to prevent unsafe logging of potentially sensitive data
12:28:17.058 [main] INFO org.springframework.test.web.servlet.TestDispatcherServlet - Completed initialization in 0 ms
12:28:17.064 [main] DEBUG org.springframework.test.web.servlet.TestDispatcherServlet - POST "/plantes", parameters={}
12:28:17.064 [main] DEBUG org.springframework.web.servlet.mvc.method.annotation.RequestMappingHandlerMapping - Mapped to com.epf.controller.PlanteController#createPlante(PlanteDTO)
12:28:17.071 [main] DEBUG org.springframework.web.servlet.mvc.method.annotation.RequestResponseBodyMethodProcessor - Read "application/json" to [com.epf.dto.PlanteDTO@4703c998]
12:28:17.071 [main] DEBUG org.springframework.web.servlet.mvc.method.annotation.RequestResponseBodyMethodProcessor - Using 'application/json', given [*/*] and supported [application/json, application/*+json]
12:28:17.071 [main] DEBUG org.springframework.web.servlet.mvc.method.annotation.RequestResponseBodyMethodProcessor - Nothing to write: null body
12:28:17.071 [main] DEBUG org.springframework.test.web.servlet.TestDispatcherServlet - Completed 200 OK
]]></system-out>
  </testcase>
  <testcase name="testGetAllPlantes" classname="com.epf.Testcontroller.PlanteControllerTest" time="0.012">
    <system-out><![CDATA[12:28:17.083 [main] DEBUG _org.springframework.web.servlet.HandlerMapping.Mappings - 
	c.e.c.PlanteController:
	{GET [/plantes/{id}]}: getPlanteById(int)
	{GET [/plantes]}: getAllPlantes()
	{POST [/plantes]}: createPlante(PlanteDTO)
	{PUT [/plantes/{id}]}: updatePlante(int,PlanteDTO)
	{DELETE [/plantes/{id}]}: deletePlante(int)
12:28:17.084 [main] DEBUG org.springframework.web.servlet.mvc.method.annotation.RequestMappingHandlerMapping - 5 mappings in org.springframework.web.servlet.mvc.method.annotation.RequestMappingHandlerMapping
12:28:17.085 [main] DEBUG org.springframework.web.servlet.mvc.method.annotation.RequestMappingHandlerAdapter - ControllerAdvice beans: 0 @ModelAttribute, 0 @InitBinder, 1 RequestBodyAdvice, 1 ResponseBodyAdvice
12:28:17.085 [main] DEBUG org.springframework.web.servlet.mvc.method.annotation.ExceptionHandlerExceptionResolver - ControllerAdvice beans: 0 @ExceptionHandler, 1 ResponseBodyAdvice
12:28:17.085 [main] INFO org.springframework.mock.web.MockServletContext - Initializing Spring TestDispatcherServlet ''
12:28:17.085 [main] INFO org.springframework.test.web.servlet.TestDispatcherServlet - Initializing Servlet ''
12:28:17.085 [main] DEBUG org.springframework.test.web.servlet.TestDispatcherServlet - Detected AcceptHeaderLocaleResolver
12:28:17.085 [main] DEBUG org.springframework.test.web.servlet.TestDispatcherServlet - Detected FixedThemeResolver
12:28:17.085 [main] DEBUG org.springframework.test.web.servlet.TestDispatcherServlet - Detected org.springframework.web.servlet.view.DefaultRequestToViewNameTranslator@5fb5ad40
12:28:17.085 [main] DEBUG org.springframework.test.web.servlet.TestDispatcherServlet - Detected org.springframework.web.servlet.support.SessionFlashMapManager@615439f7
12:28:17.085 [main] DEBUG org.springframework.test.web.servlet.TestDispatcherServlet - enableLoggingRequestDetails='false': request parameters and headers will be masked to prevent unsafe logging of potentially sensitive data
12:28:17.086 [main] INFO org.springframework.test.web.servlet.TestDispatcherServlet - Completed initialization in 0 ms
12:28:17.087 [main] DEBUG org.springframework.test.web.servlet.TestDispatcherServlet - GET "/plantes", parameters={}
12:28:17.087 [main] DEBUG org.springframework.web.servlet.mvc.method.annotation.RequestMappingHandlerMapping - Mapped to com.epf.controller.PlanteController#getAllPlantes()
12:28:17.089 [main] DEBUG org.springframework.web.servlet.mvc.method.annotation.RequestResponseBodyMethodProcessor - Using 'application/json', given [*/*] and supported [application/json, application/*+json]
12:28:17.089 [main] DEBUG org.springframework.web.servlet.mvc.method.annotation.RequestResponseBodyMethodProcessor - Writing [[com.epf.dto.PlanteDTO@2315052d]]
12:28:17.091 [main] DEBUG org.springframework.test.web.servlet.TestDispatcherServlet - Completed 200 OK
12:28:17.091 [main] DEBUG com.jayway.jsonpath.internal.path.CompiledPath - Evaluating path: $[0]['id']
12:28:17.091 [main] DEBUG com.jayway.jsonpath.internal.path.CompiledPath - Evaluating path: $[0]['nom']
]]></system-out>
  </testcase>
  <testcase name="testGetPlanteById" classname="com.epf.Testcontroller.PlanteControllerTest" time="0.013">
    <system-out><![CDATA[12:28:17.096 [main] DEBUG _org.springframework.web.servlet.HandlerMapping.Mappings - 
	c.e.c.PlanteController:
	{GET [/plantes/{id}]}: getPlanteById(int)
	{GET [/plantes]}: getAllPlantes()
	{POST [/plantes]}: createPlante(PlanteDTO)
	{PUT [/plantes/{id}]}: updatePlante(int,PlanteDTO)
	{DELETE [/plantes/{id}]}: deletePlante(int)
12:28:17.097 [main] DEBUG org.springframework.web.servlet.mvc.method.annotation.RequestMappingHandlerMapping - 5 mappings in org.springframework.web.servlet.mvc.method.annotation.RequestMappingHandlerMapping
12:28:17.098 [main] DEBUG org.springframework.web.servlet.mvc.method.annotation.RequestMappingHandlerAdapter - ControllerAdvice beans: 0 @ModelAttribute, 0 @InitBinder, 1 RequestBodyAdvice, 1 ResponseBodyAdvice
12:28:17.098 [main] DEBUG org.springframework.web.servlet.mvc.method.annotation.ExceptionHandlerExceptionResolver - ControllerAdvice beans: 0 @ExceptionHandler, 1 ResponseBodyAdvice
12:28:17.098 [main] INFO org.springframework.mock.web.MockServletContext - Initializing Spring TestDispatcherServlet ''
12:28:17.098 [main] INFO org.springframework.test.web.servlet.TestDispatcherServlet - Initializing Servlet ''
12:28:17.098 [main] DEBUG org.springframework.test.web.servlet.TestDispatcherServlet - Detected AcceptHeaderLocaleResolver
12:28:17.098 [main] DEBUG org.springframework.test.web.servlet.TestDispatcherServlet - Detected FixedThemeResolver
12:28:17.098 [main] DEBUG org.springframework.test.web.servlet.TestDispatcherServlet - Detected org.springframework.web.servlet.view.DefaultRequestToViewNameTranslator@62cf6a84
12:28:17.098 [main] DEBUG org.springframework.test.web.servlet.TestDispatcherServlet - Detected org.springframework.web.servlet.support.SessionFlashMapManager@204d9edf
12:28:17.098 [main] DEBUG org.springframework.test.web.servlet.TestDispatcherServlet - enableLoggingRequestDetails='false': request parameters and headers will be masked to prevent unsafe logging of potentially sensitive data
12:28:17.098 [main] INFO org.springframework.test.web.servlet.TestDispatcherServlet - Completed initialization in 0 ms
12:28:17.100 [main] DEBUG org.springframework.test.web.servlet.TestDispatcherServlet - GET "/plantes/1", parameters={}
12:28:17.100 [main] DEBUG org.springframework.web.servlet.mvc.method.annotation.RequestMappingHandlerMapping - Mapped to com.epf.controller.PlanteController#getPlanteById(int)
12:28:17.105 [main] DEBUG org.springframework.web.servlet.mvc.method.annotation.RequestResponseBodyMethodProcessor - Using 'application/json', given [*/*] and supported [application/json, application/*+json]
12:28:17.105 [main] DEBUG org.springframework.web.servlet.mvc.method.annotation.RequestResponseBodyMethodProcessor - Writing [com.epf.dto.PlanteDTO@625487a6]
12:28:17.105 [main] DEBUG org.springframework.test.web.servlet.TestDispatcherServlet - Completed 200 OK
12:28:17.105 [main] DEBUG com.jayway.jsonpath.internal.path.CompiledPath - Evaluating path: $['id']
]]></system-out>
  </testcase>
  <testcase name="testUpdatePlante" classname="com.epf.Testcontroller.PlanteControllerTest" time="0.015">
    <system-out><![CDATA[12:28:17.113 [main] DEBUG _org.springframework.web.servlet.HandlerMapping.Mappings - 
	c.e.c.PlanteController:
	{GET [/plantes/{id}]}: getPlanteById(int)
	{GET [/plantes]}: getAllPlantes()
	{POST [/plantes]}: createPlante(PlanteDTO)
	{PUT [/plantes/{id}]}: updatePlante(int,PlanteDTO)
	{DELETE [/plantes/{id}]}: deletePlante(int)
12:28:17.113 [main] DEBUG org.springframework.web.servlet.mvc.method.annotation.RequestMappingHandlerMapping - 5 mappings in org.springframework.web.servlet.mvc.method.annotation.RequestMappingHandlerMapping
12:28:17.113 [main] DEBUG org.springframework.web.servlet.mvc.method.annotation.RequestMappingHandlerAdapter - ControllerAdvice beans: 0 @ModelAttribute, 0 @InitBinder, 1 RequestBodyAdvice, 1 ResponseBodyAdvice
12:28:17.113 [main] DEBUG org.springframework.web.servlet.mvc.method.annotation.ExceptionHandlerExceptionResolver - ControllerAdvice beans: 0 @ExceptionHandler, 1 ResponseBodyAdvice
12:28:17.113 [main] INFO org.springframework.mock.web.MockServletContext - Initializing Spring TestDispatcherServlet ''
12:28:17.113 [main] INFO org.springframework.test.web.servlet.TestDispatcherServlet - Initializing Servlet ''
12:28:17.113 [main] DEBUG org.springframework.test.web.servlet.TestDispatcherServlet - Detected AcceptHeaderLocaleResolver
12:28:17.113 [main] DEBUG org.springframework.test.web.servlet.TestDispatcherServlet - Detected FixedThemeResolver
12:28:17.113 [main] DEBUG org.springframework.test.web.servlet.TestDispatcherServlet - Detected org.springframework.web.servlet.view.DefaultRequestToViewNameTranslator@74697863
12:28:17.113 [main] DEBUG org.springframework.test.web.servlet.TestDispatcherServlet - Detected org.springframework.web.servlet.support.SessionFlashMapManager@7d7ceca8
12:28:17.113 [main] DEBUG org.springframework.test.web.servlet.TestDispatcherServlet - enableLoggingRequestDetails='false': request parameters and headers will be masked to prevent unsafe logging of potentially sensitive data
12:28:17.113 [main] INFO org.springframework.test.web.servlet.TestDispatcherServlet - Completed initialization in 0 ms
12:28:17.113 [main] DEBUG org.springframework.test.web.servlet.TestDispatcherServlet - PUT "/plantes/1", parameters={}
12:28:17.113 [main] DEBUG org.springframework.web.servlet.mvc.method.annotation.RequestMappingHandlerMapping - Mapped to com.epf.controller.PlanteController#updatePlante(int, PlanteDTO)
12:28:17.113 [main] DEBUG org.springframework.web.servlet.mvc.method.annotation.RequestResponseBodyMethodProcessor - Read "application/json" to [com.epf.dto.PlanteDTO@26c7b1c6]
12:28:17.120 [main] DEBUG org.springframework.web.servlet.mvc.method.annotation.RequestResponseBodyMethodProcessor - Using 'application/json', given [*/*] and supported [application/json, application/*+json]
12:28:17.120 [main] DEBUG org.springframework.web.servlet.mvc.method.annotation.RequestResponseBodyMethodProcessor - Nothing to write: null body
12:28:17.120 [main] DEBUG org.springframework.test.web.servlet.TestDispatcherServlet - Completed 200 OK
]]></system-out>
  </testcase>
  <testcase name="testDeletePlante" classname="com.epf.Testcontroller.PlanteControllerTest" time="0.01">
    <system-out><![CDATA[12:28:17.125 [main] DEBUG _org.springframework.web.servlet.HandlerMapping.Mappings - 
	c.e.c.PlanteController:
	{GET [/plantes/{id}]}: getPlanteById(int)
	{GET [/plantes]}: getAllPlantes()
	{POST [/plantes]}: createPlante(PlanteDTO)
	{PUT [/plantes/{id}]}: updatePlante(int,PlanteDTO)
	{DELETE [/plantes/{id}]}: deletePlante(int)
12:28:17.125 [main] DEBUG org.springframework.web.servlet.mvc.method.annotation.RequestMappingHandlerMapping - 5 mappings in org.springframework.web.servlet.mvc.method.annotation.RequestMappingHandlerMapping
12:28:17.127 [main] DEBUG org.springframework.web.servlet.mvc.method.annotation.RequestMappingHandlerAdapter - ControllerAdvice beans: 0 @ModelAttribute, 0 @InitBinder, 1 RequestBodyAdvice, 1 ResponseBodyAdvice
12:28:17.127 [main] DEBUG org.springframework.web.servlet.mvc.method.annotation.ExceptionHandlerExceptionResolver - ControllerAdvice beans: 0 @ExceptionHandler, 1 ResponseBodyAdvice
12:28:17.128 [main] INFO org.springframework.mock.web.MockServletContext - Initializing Spring TestDispatcherServlet ''
12:28:17.128 [main] INFO org.springframework.test.web.servlet.TestDispatcherServlet - Initializing Servlet ''
12:28:17.128 [main] DEBUG org.springframework.test.web.servlet.TestDispatcherServlet - Detected AcceptHeaderLocaleResolver
12:28:17.128 [main] DEBUG org.springframework.test.web.servlet.TestDispatcherServlet - Detected FixedThemeResolver
12:28:17.128 [main] DEBUG org.springframework.test.web.servlet.TestDispatcherServlet - Detected org.springframework.web.servlet.view.DefaultRequestToViewNameTranslator@787178b1
12:28:17.128 [main] DEBUG org.springframework.test.web.servlet.TestDispatcherServlet - Detected org.springframework.web.servlet.support.SessionFlashMapManager@24a4e2c5
12:28:17.128 [main] DEBUG org.springframework.test.web.servlet.TestDispatcherServlet - enableLoggingRequestDetails='false': request parameters and headers will be masked to prevent unsafe logging of potentially sensitive data
12:28:17.128 [main] INFO org.springframework.test.web.servlet.TestDispatcherServlet - Completed initialization in 0 ms
12:28:17.128 [main] DEBUG org.springframework.test.web.servlet.TestDispatcherServlet - DELETE "/plantes/1", parameters={}
12:28:17.129 [main] DEBUG org.springframework.web.servlet.mvc.method.annotation.RequestMappingHandlerMapping - Mapped to com.epf.controller.PlanteController#deletePlante(int)
12:28:17.130 [main] DEBUG org.springframework.web.servlet.mvc.method.annotation.RequestResponseBodyMethodProcessor - Using 'application/json', given [*/*] and supported [application/json, application/*+json]
12:28:17.130 [main] DEBUG org.springframework.web.servlet.mvc.method.annotation.RequestResponseBodyMethodProcessor - Nothing to write: null body
12:28:17.130 [main] DEBUG org.springframework.test.web.servlet.TestDispatcherServlet - Completed 200 OK
]]></system-out>
  </testcase>
</testsuite>