<?xml version="1.0" encoding="UTF-8"?>
<testsuite xmlns:xsi="http://www.w3.org/2001/XMLSchema-instance" xsi:noNamespaceSchemaLocation="https://maven.apache.org/surefire/maven-surefire-plugin/xsd/surefire-test-report.xsd" name="com.epf.Testdao.TestMapDAO" time="2.845" tests="1" errors="1" skipped="0" failures="0">
  <properties>
[...]
</properties>
  <testcase name="testDelete" classname="com.epf.Testdao.TestMapDAO" time="0.637">
    <error message="PreparedStatementCallback; SQL [DELETE FROM map WHERE id_map = ?]; Cannot delete or update a parent row: a foreign key constraint fails (`pvz`.`zombie`, CONSTRAINT `fk_zombie_map` FOREIGN KEY (`id_map`) REFERENCES `map` (`id_map`)); nested exception is java.sql.SQLIntegrityConstraintViolationException: Cannot delete or update a parent row: a foreign key constraint fails (`pvz`.`zombie`, CONSTRAINT `fk_zombie_map` FOREIGN KEY (`id_map`) REFERENCES `map` (`id_map`))" type="org.springframework.dao.DataIntegrityViolationException">org.springframework.dao.DataIntegrityViolationException: PreparedStatementCallback; SQL [DELETE FROM map WHERE id_map = ?]; Cannot delete or update a parent row: a foreign key constraint fails (`pvz`.`zombie`, CONSTRAINT `fk_zombie_map` FOREIGN KEY (`id_map`) REFERENCES `map` (`id_map`)); nested exception is java.sql.SQLIntegrityConstraintViolationException: Cannot delete or update a parent row: a foreign key constraint fails (`pvz`.`zombie`, CONSTRAINT `fk_zombie_map` FOREIGN KEY (`id_map`) REFERENCES `map` (`id_map`))
	at com.epf.Testdao.TestMapDAO.testDelete(TestMapDAO.java:53)
Caused by: java.sql.SQLIntegrityConstraintViolationException: Cannot delete or update a parent row: a foreign key constraint fails (`pvz`.`zombie`, CONSTRAINT `fk_zombie_map` FOREIGN KEY (`id_map`) REFERENCES `map` (`id_map`))
	at com.epf.Testdao.TestMapDAO.testDelete(TestMapDAO.java:53)
</error>
    <system-out><![CDATA[12:02:32.223 [main] DEBUG org.springframework.test.context.BootstrapUtils - Instantiating CacheAwareContextLoaderDelegate from class [org.springframework.test.context.cache.DefaultCacheAwareContextLoaderDelegate]
12:02:32.231 [main] DEBUG org.springframework.test.context.BootstrapUtils - Instantiating BootstrapContext using constructor [public org.springframework.test.context.support.DefaultBootstrapContext(java.lang.Class,org.springframework.test.context.CacheAwareContextLoaderDelegate)]
12:02:32.265 [main] DEBUG org.springframework.test.context.BootstrapUtils - Instantiating TestContextBootstrapper for test class [com.epf.Testdao.TestMapDAO] from class [org.springframework.boot.test.context.SpringBootTestContextBootstrapper]
12:02:32.280 [main] DEBUG org.springframework.test.context.support.AbstractContextLoader - Did not detect default resource location for test class [com.epf.Testdao.TestMapDAO]: class path resource [com/epf/Testdao/TestMapDAO-context.xml] does not exist
12:02:32.281 [main] DEBUG org.springframework.test.context.support.AbstractContextLoader - Did not detect default resource location for test class [com.epf.Testdao.TestMapDAO]: class path resource [com/epf/Testdao/TestMapDAOContext.groovy] does not exist
12:02:32.281 [main] INFO org.springframework.test.context.support.AbstractContextLoader - Could not detect default resource locations for test class [com.epf.Testdao.TestMapDAO]: no resource found for suffixes {-context.xml, Context.groovy}.
12:02:32.316 [main] DEBUG org.springframework.test.context.support.ActiveProfilesUtils - Could not find an 'annotation declaring class' for annotation type [org.springframework.test.context.ActiveProfiles] and class [com.epf.Testdao.TestMapDAO]
12:02:32.369 [main] DEBUG org.springframework.context.annotation.ClassPathScanningCandidateComponentProvider - Identified candidate component class: file [C:\Users\paul2\OneDrive\Documents\EPF 4A\Langage Java\Projet\target\classes\com\epf\SpringBootApp.class]
12:02:32.371 [main] INFO org.springframework.boot.test.context.SpringBootTestContextBootstrapper - Found @SpringBootConfiguration com.epf.SpringBootApp for test class com.epf.Testdao.TestMapDAO
12:02:32.433 [main] DEBUG org.springframework.boot.test.context.SpringBootTestContextBootstrapper - @TestExecutionListeners is not present for class [com.epf.Testdao.TestMapDAO]: using defaults.
12:02:32.433 [main] INFO org.springframework.boot.test.context.SpringBootTestContextBootstrapper - Loaded default TestExecutionListener class names from location [META-INF/spring.factories]: [org.springframework.boot.test.mock.mockito.MockitoTestExecutionListener, org.springframework.boot.test.mock.mockito.ResetMocksTestExecutionListener, org.springframework.boot.test.autoconfigure.restdocs.RestDocsTestExecutionListener, org.springframework.boot.test.autoconfigure.web.client.MockRestServiceServerResetTestExecutionListener, org.springframework.boot.test.autoconfigure.web.servlet.MockMvcPrintOnlyOnFailureTestExecutionListener, org.springframework.boot.test.autoconfigure.web.servlet.WebDriverTestExecutionListener, org.springframework.boot.test.autoconfigure.webservices.client.MockWebServiceServerTestExecutionListener, org.springframework.test.context.web.ServletTestExecutionListener, org.springframework.test.context.support.DirtiesContextBeforeModesTestExecutionListener, org.springframework.test.context.event.ApplicationEventsTestExecutionListener, org.springframework.test.context.support.DependencyInjectionTestExecutionListener, org.springframework.test.context.support.DirtiesContextTestExecutionListener, org.springframework.test.context.transaction.TransactionalTestExecutionListener, org.springframework.test.context.jdbc.SqlScriptsTestExecutionListener, org.springframework.test.context.event.EventPublishingTestExecutionListener]
12:02:32.445 [main] INFO org.springframework.boot.test.context.SpringBootTestContextBootstrapper - Using TestExecutionListeners: [org.springframework.test.context.web.ServletTestExecutionListener@63611043, org.springframework.test.context.support.DirtiesContextBeforeModesTestExecutionListener@20ca951f, org.springframework.test.context.event.ApplicationEventsTestExecutionListener@2d778add, org.springframework.boot.test.mock.mockito.MockitoTestExecutionListener@73302995, org.springframework.boot.test.autoconfigure.SpringBootDependencyInjectionTestExecutionListener@1838ccb8, org.springframework.test.context.support.DirtiesContextTestExecutionListener@6c2ed0cd, org.springframework.test.context.transaction.TransactionalTestExecutionListener@7d9e8ef7, org.springframework.test.context.jdbc.SqlScriptsTestExecutionListener@f107c50, org.springframework.test.context.event.EventPublishingTestExecutionListener@51133c06, org.springframework.boot.test.mock.mockito.ResetMocksTestExecutionListener@4b213651, org.springframework.boot.test.autoconfigure.restdocs.RestDocsTestExecutionListener@4241e0f4, org.springframework.boot.test.autoconfigure.web.client.MockRestServiceServerResetTestExecutionListener@4ebff610, org.springframework.boot.test.autoconfigure.web.servlet.MockMvcPrintOnlyOnFailureTestExecutionListener@60410cd, org.springframework.boot.test.autoconfigure.web.servlet.WebDriverTestExecutionListener@44d52de2, org.springframework.boot.test.autoconfigure.webservices.client.MockWebServiceServerTestExecutionListener@95e33cc]
12:02:32.448 [main] DEBUG org.springframework.test.context.support.AbstractDirtiesContextTestExecutionListener - Before test class: context [DefaultTestContext@6f44a157 testClass = TestMapDAO, testInstance = [null], testMethod = [null], testException = [null], mergedContextConfiguration = [WebMergedContextConfiguration@6bc407fd testClass = TestMapDAO, locations = '{}', classes = '{class com.epf.SpringBootApp, class com.epf.config.TestConfig}', contextInitializerClasses = '[]', activeProfiles = '{}', propertySourceLocations = '{}', propertySourceProperties = '{org.springframework.boot.test.context.SpringBootTestContextBootstrapper=true}', contextCustomizers = set[org.springframework.boot.test.context.filter.ExcludeFilterContextCustomizer@69e1dd28, org.springframework.boot.test.json.DuplicateJsonObjectContextCustomizerFactory$DuplicateJsonObjectContextCustomizer@67080771, org.springframework.boot.test.mock.mockito.MockitoContextCustomizer@0, org.springframework.boot.test.web.client.TestRestTemplateContextCustomizer@27ff5d15, org.springframework.boot.test.autoconfigure.actuate.metrics.MetricsExportContextCustomizerFactory$DisableMetricExportContextCustomizer@702b8b12, org.springframework.boot.test.autoconfigure.properties.PropertyMappingContextCustomizer@0, org.springframework.boot.test.autoconfigure.web.servlet.WebDriverContextCustomizerFactory$Customizer@7ea9e1e2, org.springframework.boot.test.context.SpringBootTestArgs@1, org.springframework.boot.test.context.SpringBootTestWebEnvironment@184f6be2], resourceBasePath = 'src/main/webapp', contextLoader = 'org.springframework.boot.test.context.SpringBootContextLoader', parent = [null]], attributes = map['org.springframework.test.context.web.ServletTestExecutionListener.activateListener' -> true]], class annotated with @DirtiesContext [false] with mode [null].

  .   ____          _            __ _ _
 /\\ / ___'_ __ _ _(_)_ __  __ _ \ \ \ \
( ( )\___ | '_ | '_| | '_ \/ _` | \ \ \ \
 \\/  ___)| |_)| | | | | || (_| |  ) ) ) )
  '  |____| .__|_| |_|_| |_\__, | / / / /
 =========|_|==============|___/=/_/_/_/
 :: Spring Boot ::                (v2.7.5)

2025-04-17 12:02:32.703  INFO 1664 --- [           main] com.epf.Testdao.TestMapDAO               : Starting TestMapDAO using Java 23.0.2 on Vivobook-Paul with PID 1664 (started by paul2 in C:\Users\paul2\OneDrive\Documents\EPF 4A\Langage Java\Projet)
2025-04-17 12:02:32.705  INFO 1664 --- [           main] com.epf.Testdao.TestMapDAO               : No active profile set, falling back to 1 default profile: "default"
2025-04-17 12:02:34.358  INFO 1664 --- [           main] com.epf.Testdao.TestMapDAO               : Started TestMapDAO in 1.884 seconds (JVM running for 2.642)
]]></system-out>
  </testcase>
</testsuite>