<?xml version="1.0" encoding="UTF-8"?>
<testsuite xmlns:xsi="http://www.w3.org/2001/XMLSchema-instance" xsi:noNamespaceSchemaLocation="https://maven.apache.org/surefire/maven-surefire-plugin/xsd/surefire-test-report-3.0.xsd" version="3.0" name="com.epf.Testcontroller.ZombieControllerTest" time="0.091" tests="6" errors="0" skipped="0" failures="0">
  <properties>
[...]
</properties>
  <testcase name="testGetZombiesByMapId" classname="com.epf.Testcontroller.ZombieControllerTest" time="0.031">
    <system-out><![CDATA[12:28:17.161 [main] DEBUG _org.springframework.web.servlet.HandlerMapping.Mappings - 
	c.e.c.ZombieController:
	{PUT [/zombies/{id}]}: updateZombie(int,ZombieDTO)
	{GET [/zombies/{id}]}: getZombieById(int)
	{GET [/zombies]}: getAllZombies()
	{POST [/zombies]}: createZombie(ZombieDTO)
	{GET [/zombies/map/{mapId}]}: getZombiesByMap(int)
	{DELETE [/zombies/{id}]}: deleteZombie(int)
12:28:17.162 [main] DEBUG org.springframework.web.servlet.mvc.method.annotation.RequestMappingHandlerMapping - 6 mappings in org.springframework.web.servlet.mvc.method.annotation.RequestMappingHandlerMapping
12:28:17.163 [main] DEBUG org.springframework.web.servlet.mvc.method.annotation.RequestMappingHandlerAdapter - ControllerAdvice beans: 0 @ModelAttribute, 0 @InitBinder, 1 RequestBodyAdvice, 1 ResponseBodyAdvice
12:28:17.163 [main] DEBUG org.springframework.web.servlet.mvc.method.annotation.ExceptionHandlerExceptionResolver - ControllerAdvice beans: 0 @ExceptionHandler, 1 ResponseBodyAdvice
12:28:17.163 [main] INFO org.springframework.mock.web.MockServletContext - Initializing Spring TestDispatcherServlet ''
12:28:17.163 [main] INFO org.springframework.test.web.servlet.TestDispatcherServlet - Initializing Servlet ''
12:28:17.163 [main] DEBUG org.springframework.test.web.servlet.TestDispatcherServlet - Detected AcceptHeaderLocaleResolver
12:28:17.163 [main] DEBUG org.springframework.test.web.servlet.TestDispatcherServlet - Detected FixedThemeResolver
12:28:17.163 [main] DEBUG org.springframework.test.web.servlet.TestDispatcherServlet - Detected org.springframework.web.servlet.view.DefaultRequestToViewNameTranslator@1d60059f
12:28:17.163 [main] DEBUG org.springframework.test.web.servlet.TestDispatcherServlet - Detected org.springframework.web.servlet.support.SessionFlashMapManager@134a8ead
12:28:17.163 [main] DEBUG org.springframework.test.web.servlet.TestDispatcherServlet - enableLoggingRequestDetails='false': request parameters and headers will be masked to prevent unsafe logging of potentially sensitive data
12:28:17.163 [main] INFO org.springframework.test.web.servlet.TestDispatcherServlet - Completed initialization in 0 ms
12:28:17.164 [main] DEBUG org.springframework.test.web.servlet.TestDispatcherServlet - GET "/zombies/map/1", parameters={}
12:28:17.165 [main] DEBUG org.springframework.web.servlet.mvc.method.annotation.RequestMappingHandlerMapping - Mapped to com.epf.controller.ZombieController#getZombiesByMap(int)
12:28:17.165 [main] DEBUG org.springframework.web.servlet.mvc.method.annotation.RequestResponseBodyMethodProcessor - Using 'application/json', given [*/*] and supported [application/json, application/*+json]
12:28:17.165 [main] DEBUG org.springframework.web.servlet.mvc.method.annotation.RequestResponseBodyMethodProcessor - Writing [[com.epf.dto.ZombieDTO@4975dda1]]
12:28:17.165 [main] DEBUG org.springframework.test.web.servlet.TestDispatcherServlet - Completed 200 OK
12:28:17.165 [main] DEBUG com.jayway.jsonpath.internal.path.CompiledPath - Evaluating path: $[0]['id_zombie']
]]></system-out>
  </testcase>
  <testcase name="testCreateZombie" classname="com.epf.Testcontroller.ZombieControllerTest" time="0.015">
    <system-out><![CDATA[12:28:17.173 [main] DEBUG _org.springframework.web.servlet.HandlerMapping.Mappings - 
	c.e.c.ZombieController:
	{PUT [/zombies/{id}]}: updateZombie(int,ZombieDTO)
	{GET [/zombies/{id}]}: getZombieById(int)
	{GET [/zombies]}: getAllZombies()
	{POST [/zombies]}: createZombie(ZombieDTO)
	{GET [/zombies/map/{mapId}]}: getZombiesByMap(int)
	{DELETE [/zombies/{id}]}: deleteZombie(int)
12:28:17.173 [main] DEBUG org.springframework.web.servlet.mvc.method.annotation.RequestMappingHandlerMapping - 6 mappings in org.springframework.web.servlet.mvc.method.annotation.RequestMappingHandlerMapping
12:28:17.173 [main] DEBUG org.springframework.web.servlet.mvc.method.annotation.RequestMappingHandlerAdapter - ControllerAdvice beans: 0 @ModelAttribute, 0 @InitBinder, 1 RequestBodyAdvice, 1 ResponseBodyAdvice
12:28:17.173 [main] DEBUG org.springframework.web.servlet.mvc.method.annotation.ExceptionHandlerExceptionResolver - ControllerAdvice beans: 0 @ExceptionHandler, 1 ResponseBodyAdvice
12:28:17.173 [main] INFO org.springframework.mock.web.MockServletContext - Initializing Spring TestDispatcherServlet ''
12:28:17.173 [main] INFO org.springframework.test.web.servlet.TestDispatcherServlet - Initializing Servlet ''
12:28:17.173 [main] DEBUG org.springframework.test.web.servlet.TestDispatcherServlet - Detected AcceptHeaderLocaleResolver
12:28:17.173 [main] DEBUG org.springframework.test.web.servlet.TestDispatcherServlet - Detected FixedThemeResolver
12:28:17.173 [main] DEBUG org.springframework.test.web.servlet.TestDispatcherServlet - Detected org.springframework.web.servlet.view.DefaultRequestToViewNameTranslator@130a6eb9
12:28:17.173 [main] DEBUG org.springframework.test.web.servlet.TestDispatcherServlet - Detected org.springframework.web.servlet.support.SessionFlashMapManager@722531ab
12:28:17.173 [main] DEBUG org.springframework.test.web.servlet.TestDispatcherServlet - enableLoggingRequestDetails='false': request parameters and headers will be masked to prevent unsafe logging of potentially sensitive data
12:28:17.173 [main] INFO org.springframework.test.web.servlet.TestDispatcherServlet - Completed initialization in 0 ms
12:28:17.173 [main] DEBUG org.springframework.test.web.servlet.TestDispatcherServlet - POST "/zombies", parameters={}
12:28:17.173 [main] DEBUG org.springframework.web.servlet.mvc.method.annotation.RequestMappingHandlerMapping - Mapped to com.epf.controller.ZombieController#createZombie(ZombieDTO)
12:28:17.173 [main] DEBUG org.springframework.web.servlet.mvc.method.annotation.RequestResponseBodyMethodProcessor - Read "application/json" to [com.epf.dto.ZombieDTO@1e92c3b6]
12:28:17.180 [main] DEBUG org.springframework.web.servlet.mvc.method.annotation.RequestResponseBodyMethodProcessor - Using 'application/json', given [*/*] and supported [application/json, application/*+json]
12:28:17.180 [main] DEBUG org.springframework.web.servlet.mvc.method.annotation.RequestResponseBodyMethodProcessor - Nothing to write: null body
12:28:17.180 [main] DEBUG org.springframework.test.web.servlet.TestDispatcherServlet - Completed 200 OK
]]></system-out>
  </testcase>
  <testcase name="testGetAllZombies" classname="com.epf.Testcontroller.ZombieControllerTest" time="0.011">
    <system-out><![CDATA[12:28:17.185 [main] DEBUG _org.springframework.web.servlet.HandlerMapping.Mappings - 
	c.e.c.ZombieController:
	{PUT [/zombies/{id}]}: updateZombie(int,ZombieDTO)
	{GET [/zombies/{id}]}: getZombieById(int)
	{GET [/zombies]}: getAllZombies()
	{POST [/zombies]}: createZombie(ZombieDTO)
	{GET [/zombies/map/{mapId}]}: getZombiesByMap(int)
	{DELETE [/zombies/{id}]}: deleteZombie(int)
12:28:17.185 [main] DEBUG org.springframework.web.servlet.mvc.method.annotation.RequestMappingHandlerMapping - 6 mappings in org.springframework.web.servlet.mvc.method.annotation.RequestMappingHandlerMapping
12:28:17.186 [main] DEBUG org.springframework.web.servlet.mvc.method.annotation.RequestMappingHandlerAdapter - ControllerAdvice beans: 0 @ModelAttribute, 0 @InitBinder, 1 RequestBodyAdvice, 1 ResponseBodyAdvice
12:28:17.186 [main] DEBUG org.springframework.web.servlet.mvc.method.annotation.ExceptionHandlerExceptionResolver - ControllerAdvice beans: 0 @ExceptionHandler, 1 ResponseBodyAdvice
12:28:17.186 [main] INFO org.springframework.mock.web.MockServletContext - Initializing Spring TestDispatcherServlet ''
12:28:17.186 [main] INFO org.springframework.test.web.servlet.TestDispatcherServlet - Initializing Servlet ''
12:28:17.186 [main] DEBUG org.springframework.test.web.servlet.TestDispatcherServlet - Detected AcceptHeaderLocaleResolver
12:28:17.186 [main] DEBUG org.springframework.test.web.servlet.TestDispatcherServlet - Detected FixedThemeResolver
12:28:17.186 [main] DEBUG org.springframework.test.web.servlet.TestDispatcherServlet - Detected org.springframework.web.servlet.view.DefaultRequestToViewNameTranslator@b506ed0
12:28:17.186 [main] DEBUG org.springframework.test.web.servlet.TestDispatcherServlet - Detected org.springframework.web.servlet.support.SessionFlashMapManager@282c4da0
12:28:17.186 [main] DEBUG org.springframework.test.web.servlet.TestDispatcherServlet - enableLoggingRequestDetails='false': request parameters and headers will be masked to prevent unsafe logging of potentially sensitive data
12:28:17.186 [main] INFO org.springframework.test.web.servlet.TestDispatcherServlet - Completed initialization in 0 ms
12:28:17.188 [main] DEBUG org.springframework.test.web.servlet.TestDispatcherServlet - GET "/zombies", parameters={}
12:28:17.188 [main] DEBUG org.springframework.web.servlet.mvc.method.annotation.RequestMappingHandlerMapping - Mapped to com.epf.controller.ZombieController#getAllZombies()
12:28:17.190 [main] DEBUG org.springframework.web.servlet.mvc.method.annotation.RequestResponseBodyMethodProcessor - Using 'application/json', given [*/*] and supported [application/json, application/*+json]
12:28:17.190 [main] DEBUG org.springframework.web.servlet.mvc.method.annotation.RequestResponseBodyMethodProcessor - Writing [[com.epf.dto.ZombieDTO@10618775]]
12:28:17.192 [main] DEBUG org.springframework.test.web.servlet.TestDispatcherServlet - Completed 200 OK
12:28:17.192 [main] DEBUG com.jayway.jsonpath.internal.path.CompiledPath - Evaluating path: $[0]['id_zombie']
12:28:17.192 [main] DEBUG com.jayway.jsonpath.internal.path.CompiledPath - Evaluating path: $[0]['nom']
]]></system-out>
  </testcase>
  <testcase name="testUpdateZombie" classname="com.epf.Testcontroller.ZombieControllerTest" time="0.004">
    <system-out><![CDATA[12:28:17.196 [main] DEBUG _org.springframework.web.servlet.HandlerMapping.Mappings - 
	c.e.c.ZombieController:
	{PUT [/zombies/{id}]}: updateZombie(int,ZombieDTO)
	{GET [/zombies/{id}]}: getZombieById(int)
	{GET [/zombies]}: getAllZombies()
	{POST [/zombies]}: createZombie(ZombieDTO)
	{GET [/zombies/map/{mapId}]}: getZombiesByMap(int)
	{DELETE [/zombies/{id}]}: deleteZombie(int)
12:28:17.196 [main] DEBUG org.springframework.web.servlet.mvc.method.annotation.RequestMappingHandlerMapping - 6 mappings in org.springframework.web.servlet.mvc.method.annotation.RequestMappingHandlerMapping
12:28:17.197 [main] DEBUG org.springframework.web.servlet.mvc.method.annotation.RequestMappingHandlerAdapter - ControllerAdvice beans: 0 @ModelAttribute, 0 @InitBinder, 1 RequestBodyAdvice, 1 ResponseBodyAdvice
12:28:17.197 [main] DEBUG org.springframework.web.servlet.mvc.method.annotation.ExceptionHandlerExceptionResolver - ControllerAdvice beans: 0 @ExceptionHandler, 1 ResponseBodyAdvice
12:28:17.197 [main] INFO org.springframework.mock.web.MockServletContext - Initializing Spring TestDispatcherServlet ''
12:28:17.197 [main] INFO org.springframework.test.web.servlet.TestDispatcherServlet - Initializing Servlet ''
12:28:17.197 [main] DEBUG org.springframework.test.web.servlet.TestDispatcherServlet - Detected AcceptHeaderLocaleResolver
12:28:17.197 [main] DEBUG org.springframework.test.web.servlet.TestDispatcherServlet - Detected FixedThemeResolver
12:28:17.197 [main] DEBUG org.springframework.test.web.servlet.TestDispatcherServlet - Detected org.springframework.web.servlet.view.DefaultRequestToViewNameTranslator@73d62b5
12:28:17.197 [main] DEBUG org.springframework.test.web.servlet.TestDispatcherServlet - Detected org.springframework.web.servlet.support.SessionFlashMapManager@5e99e2cb
12:28:17.197 [main] DEBUG org.springframework.test.web.servlet.TestDispatcherServlet - enableLoggingRequestDetails='false': request parameters and headers will be masked to prevent unsafe logging of potentially sensitive data
12:28:17.197 [main] INFO org.springframework.test.web.servlet.TestDispatcherServlet - Completed initialization in 0 ms
12:28:17.197 [main] DEBUG org.springframework.test.web.servlet.TestDispatcherServlet - PUT "/zombies/1", parameters={}
12:28:17.197 [main] DEBUG org.springframework.web.servlet.mvc.method.annotation.RequestMappingHandlerMapping - Mapped to com.epf.controller.ZombieController#updateZombie(int, ZombieDTO)
12:28:17.197 [main] DEBUG org.springframework.web.servlet.mvc.method.annotation.RequestResponseBodyMethodProcessor - Read "application/json" to [com.epf.dto.ZombieDTO@f559c74]
12:28:17.197 [main] DEBUG org.springframework.web.servlet.mvc.method.annotation.RequestResponseBodyMethodProcessor - Using 'application/json', given [*/*] and supported [application/json, application/*+json]
12:28:17.197 [main] DEBUG org.springframework.web.servlet.mvc.method.annotation.RequestResponseBodyMethodProcessor - Nothing to write: null body
12:28:17.197 [main] DEBUG org.springframework.test.web.servlet.TestDispatcherServlet - Completed 200 OK
]]></system-out>
  </testcase>
  <testcase name="testDeleteZombie" classname="com.epf.Testcontroller.ZombieControllerTest" time="0.008">
    <system-out><![CDATA[12:28:17.207 [main] DEBUG _org.springframework.web.servlet.HandlerMapping.Mappings - 
	c.e.c.ZombieController:
	{PUT [/zombies/{id}]}: updateZombie(int,ZombieDTO)
	{GET [/zombies/{id}]}: getZombieById(int)
	{GET [/zombies]}: getAllZombies()
	{POST [/zombies]}: createZombie(ZombieDTO)
	{GET [/zombies/map/{mapId}]}: getZombiesByMap(int)
	{DELETE [/zombies/{id}]}: deleteZombie(int)
12:28:17.208 [main] DEBUG org.springframework.web.servlet.mvc.method.annotation.RequestMappingHandlerMapping - 6 mappings in org.springframework.web.servlet.mvc.method.annotation.RequestMappingHandlerMapping
12:28:17.208 [main] DEBUG org.springframework.web.servlet.mvc.method.annotation.RequestMappingHandlerAdapter - ControllerAdvice beans: 0 @ModelAttribute, 0 @InitBinder, 1 RequestBodyAdvice, 1 ResponseBodyAdvice
12:28:17.209 [main] DEBUG org.springframework.web.servlet.mvc.method.annotation.ExceptionHandlerExceptionResolver - ControllerAdvice beans: 0 @ExceptionHandler, 1 ResponseBodyAdvice
12:28:17.209 [main] INFO org.springframework.mock.web.MockServletContext - Initializing Spring TestDispatcherServlet ''
12:28:17.209 [main] INFO org.springframework.test.web.servlet.TestDispatcherServlet - Initializing Servlet ''
12:28:17.209 [main] DEBUG org.springframework.test.web.servlet.TestDispatcherServlet - Detected AcceptHeaderLocaleResolver
12:28:17.209 [main] DEBUG org.springframework.test.web.servlet.TestDispatcherServlet - Detected FixedThemeResolver
12:28:17.209 [main] DEBUG org.springframework.test.web.servlet.TestDispatcherServlet - Detected org.springframework.web.servlet.view.DefaultRequestToViewNameTranslator@24197b13
12:28:17.209 [main] DEBUG org.springframework.test.web.servlet.TestDispatcherServlet - Detected org.springframework.web.servlet.support.SessionFlashMapManager@71b97eeb
12:28:17.209 [main] DEBUG org.springframework.test.web.servlet.TestDispatcherServlet - enableLoggingRequestDetails='false': request parameters and headers will be masked to prevent unsafe logging of potentially sensitive data
12:28:17.209 [main] INFO org.springframework.test.web.servlet.TestDispatcherServlet - Completed initialization in 0 ms
12:28:17.209 [main] DEBUG org.springframework.test.web.servlet.TestDispatcherServlet - DELETE "/zombies/1", parameters={}
12:28:17.209 [main] DEBUG org.springframework.web.servlet.mvc.method.annotation.RequestMappingHandlerMapping - Mapped to com.epf.controller.ZombieController#deleteZombie(int)
12:28:17.210 [main] DEBUG org.springframework.web.servlet.mvc.method.annotation.RequestResponseBodyMethodProcessor - Using 'application/json', given [*/*] and supported [application/json, application/*+json]
12:28:17.210 [main] DEBUG org.springframework.web.servlet.mvc.method.annotation.RequestResponseBodyMethodProcessor - Nothing to write: null body
12:28:17.210 [main] DEBUG org.springframework.test.web.servlet.TestDispatcherServlet - Completed 200 OK
]]></system-out>
  </testcase>
  <testcase name="testGetZombieById" classname="com.epf.Testcontroller.ZombieControllerTest" time="0.013">
    <system-out><![CDATA[12:28:17.215 [main] DEBUG _org.springframework.web.servlet.HandlerMapping.Mappings - 
	c.e.c.ZombieController:
	{PUT [/zombies/{id}]}: updateZombie(int,ZombieDTO)
	{GET [/zombies/{id}]}: getZombieById(int)
	{GET [/zombies]}: getAllZombies()
	{POST [/zombies]}: createZombie(ZombieDTO)
	{GET [/zombies/map/{mapId}]}: getZombiesByMap(int)
	{DELETE [/zombies/{id}]}: deleteZombie(int)
12:28:17.215 [main] DEBUG org.springframework.web.servlet.mvc.method.annotation.RequestMappingHandlerMapping - 6 mappings in org.springframework.web.servlet.mvc.method.annotation.RequestMappingHandlerMapping
12:28:17.216 [main] DEBUG org.springframework.web.servlet.mvc.method.annotation.RequestMappingHandlerAdapter - ControllerAdvice beans: 0 @ModelAttribute, 0 @InitBinder, 1 RequestBodyAdvice, 1 ResponseBodyAdvice
12:28:17.216 [main] DEBUG org.springframework.web.servlet.mvc.method.annotation.ExceptionHandlerExceptionResolver - ControllerAdvice beans: 0 @ExceptionHandler, 1 ResponseBodyAdvice
12:28:17.216 [main] INFO org.springframework.mock.web.MockServletContext - Initializing Spring TestDispatcherServlet ''
12:28:17.216 [main] INFO org.springframework.test.web.servlet.TestDispatcherServlet - Initializing Servlet ''
12:28:17.217 [main] DEBUG org.springframework.test.web.servlet.TestDispatcherServlet - Detected AcceptHeaderLocaleResolver
12:28:17.217 [main] DEBUG org.springframework.test.web.servlet.TestDispatcherServlet - Detected FixedThemeResolver
12:28:17.217 [main] DEBUG org.springframework.test.web.servlet.TestDispatcherServlet - Detected org.springframework.web.servlet.view.DefaultRequestToViewNameTranslator@7a358613
12:28:17.217 [main] DEBUG org.springframework.test.web.servlet.TestDispatcherServlet - Detected org.springframework.web.servlet.support.SessionFlashMapManager@760f1081
12:28:17.217 [main] DEBUG org.springframework.test.web.servlet.TestDispatcherServlet - enableLoggingRequestDetails='false': request parameters and headers will be masked to prevent unsafe logging of potentially sensitive data
12:28:17.217 [main] INFO org.springframework.test.web.servlet.TestDispatcherServlet - Completed initialization in 1 ms
12:28:17.217 [main] DEBUG org.springframework.test.web.servlet.TestDispatcherServlet - GET "/zombies/1", parameters={}
12:28:17.218 [main] DEBUG org.springframework.web.servlet.mvc.method.annotation.RequestMappingHandlerMapping - Mapped to com.epf.controller.ZombieController#getZombieById(int)
12:28:17.223 [main] DEBUG org.springframework.web.servlet.mvc.method.annotation.HttpEntityMethodProcessor - Using 'application/json', given [*/*] and supported [application/json, application/*+json]
12:28:17.223 [main] DEBUG org.springframework.web.servlet.mvc.method.annotation.HttpEntityMethodProcessor - Writing [com.epf.dto.ZombieDTO@6f315b08]
12:28:17.224 [main] DEBUG org.springframework.test.web.servlet.TestDispatcherServlet - Completed 200 OK
12:28:17.224 [main] DEBUG com.jayway.jsonpath.internal.path.CompiledPath - Evaluating path: $['id_zombie']
]]></system-out>
  </testcase>
</testsuite>